1323990543 1.488900920411478 3 367
1324127462 2.165674066053059 5 370
1324152628 2.3632918245804007 7 370
1324153464 3.5675558447191493 9 515
1324161155 3.8630448926480154 10 515
1324168143 4.169377575363262 12 517
1324168779 4.182932118846237 14 519
1324169020 15.400738596666333 14 519
1324169684 15.580397245234057 14 519
1324170905 16.2391456233157 14 519
1324173717 16.27906976744186 14 519
1324175502 16.16927837109492 14 517
1324175567 16.17925940712646 14 516
1324176534 18.464916658349136 15 516
1324178073 18.534783910569917 15 517
1324237883 18.534783910569917 15 517
1324237900 18.534783910569917 15 517
1324244822 18.8042718834215 18 518
1324244922 19.24343746880926 18 519
1324245369 19.24343746880926 18 524
1324245385 19.482982333566223 18 524
1324246513 19.502944405629304 20 527
1324246846 19.71254616229165 20 528
1324254384 19.862261702764748 20 529
1324255397 21.19402985074627 22 539
1324256076 35.82887700534759 23 539
1324284540 36.493274995948795 23 539
1324299947 36.493274995948795 23 543
1324300196 36.525684654026904 23 545
1324329041 34.24080375952034 23 545
1324329263 35.8612866634257 23 545
1324329361 35.69113595851564 23 545
1324331515 39.158969372873116 23 545
1324332226 39.158969372873116 23 545
1324333695 39.36963215038081 23 545
1324334212 39.55598768432993 23 545
1324382973 39.93863049095607 28 550
1324383183 40.132428940568474 29 551
1324383226 40.12435400516796 29 551
1324383667 40.340130571451596 29 552
1324384464 40.37237043604417 29 553
1324384936 40.981624758220505 29 591
1324391175 40.981624758220505 29 592
1324680206 41.756026767717486 29 658
1324680838 41.76408933322583 29 659
1324682215 41.82258064516129 29 669
1324682901 41.82258064516129 29 671
1324683753 41.84282717443924 29 674
1324684287 41.89276485788114 30 676
1324685065 44.93701550387597 31 676
1324685964 45.0104957209753 31 677
1324692092 46.407233973841436 34 686
1324692786 46.62522202486679 36 686
1324732529 46.7544001291781 36 689
1324740951 47.545616018084935 39 700
1324742957 47.763604069110286 40 703
1324744217 47.860487647343774 40 705
1324744787 47.860487647343774 40 706
1324745226 47.860487647343774 40 706
1324746803 47.860487647343774 40 708
1324747232 48.25609559179719 40 709
1324773993 48.413915570263946 41 713
1324839247 48.63185083541852 42 721
1324841467 48.769069335701026 42 721
1324844596 48.95471789490677 43 723
1324845181 49.019291306804426 43 724
1324846353 49.09193639518928 43 728
1324847216 49.42714216556398 44 729
1324848294 49.42714216556398 44 729
1324853695 49.71354797062858 46 732
1324855416 49.76196239812797 47 733
1324856433 49.76196239812797 47 734
1324857626 50.133635700979994 47 736
1324860020 50.17413136794363 48 737
1324900254 50.2551227018709 48 739
1324908061 50.425204503118174 48 739
1324909151 50.61968408262455 49 740
1324909264 50.61968408262455 49 740
1324912365 50.64398541919806 50 740
1324912920 50.84649655731065 50 740
1324913040 50.84649655731065 50 740
1324913412 50.84649655731065 50 741
1324914310 50.858577676980396 50 741
1324914471 51.08898064934013 50 741
1324914965 51.12946320136022 50 741
1324916239 51.137559711764226 50 741
1324938059 51.54238523196503 50 749
1324938746 51.60715731519715 50 750
1324939774 51.644523655217114 50 751
1324942187 51.644523655217114 51 751
1325293596 52.42451226422732 52 872
1325676727 53.06932296728215 52 985
1326144540 54.24360220278588 52 1191
1326242510 56.9984511290454 53 1529
