1323990038 5.31435349940688 3 366
1324127480 7.941026944585664 5 369
1324152598 9.12387730893069 7 369
1324153481 12.773908612196363 9 514
1324161097 13.850857822320368 10 514
1324161573 13.902762205687495 10 514
1324168142 14.871063092447253 12 516
1324168785 15.611728332144192 14 518
1324171153 15.71025719430571 14 518
1324173653 16.661570346210038 14 518
1324173720 16.182516223286786 14 518
1324175573 16.2153898420248 14 518
1324176516 18.219806352981145 15 518
1324178081 18.301341939867505 15 519
1324234254 18.705622558179037 15 519
1324244829 19.14727365381349 18 520
1324244927 19.432648207915744 18 521
1324245373 19.54136232376423 18 526
1324246516 19.59911669780873 20 529
1324246851 19.622897910650586 20 530
1324254384 19.62629522677085 20 532
1324255401 20.635403978887535 22 542
1324256081 37.13114095038997 23 542
1324284539 37.68325694835303 23 540
1324383232 37.83725795204634 32 546
1324383679 37.941105543795715 32 547
1324384468 37.96790010985772 32 548
1324384942 38.401972080062166 32 587
1324391177 38.401972080062166 32 589
1324680193 39.03314843101 32 657
1324686306 43.68500053607805 34 675
1324692812 45.44601694006648 39 683
1324745239 46.08476530037798 43 701
1324746522 46.08476530037798 43 702
1324775277 46.54603940490551 46 707
1324837821 47.40919447795201 50 709
1324841484 47.69065808872806 50 710
1324851314 47.98949174351276 52 718
1324853688 48.410358138537426 52 721
1324860034 48.44252627064122 54 725
1324900266 48.49077846879691 54 726
1324908081 48.584222663162976 55 729
1324938759 49.20077240787427 57 739
1324942202 49.20077240787427 58 740
1324950404 49.1893487947603 58 740
1324950514 49.9194976654323 58 740
1325293645 50.80775010734221 58 861
1325676688 51.64121420327974 58 976
1326144578 53.09656116614319 59 1182
1326242532 55.38884249656547 60 1417
1331478672 57.67033203967227 62 1968
1331479402 58.84113459879207 63 2175
1332898004 59.582614322691974 64 2149
1333024646 59.58800690250216 64 2149
1333093128 64.86078135117634 64 2149
1333158630 66.39503507825148 64 2449
1333158794 67.30260672459389 64 2535
1333159887 67.4663356450873 64 2569
1333205045 68.21052631578948 64 2610
1333222118 68.28070175438596 67 2675
1333222889 68.28879892037787 67 2675
1333260110 68.75590466164601 65 2677
1333263172 68.71895918808033 65 2677
1333269712 69.73385877780177 65 2920
1333269926 70.19111375047238 65 2920
1333836346 68.71895918808033 65 2677
1335945170 69.91955512363675 74 2817
